2025-12-23T16:48:22.0546557Z,Updating submodules.,74d42cde-84ff-4a9e-a7da-d9b5364998c2,0
2025-12-23T16:48:24.0804789Z,Preparing deployment for commit id '32778578-2'.,218c4260-5a18-4418-9b04-b1924b0930e8,0
2025-12-23T16:48:24.4578513Z,PreDeployment: context.CleanOutputPath False,e2cfa23b-491b-468c-a862-35e54fe6b35e,0
2025-12-23T16:48:24.6094103Z,PreDeployment: context.OutputPath /home/site/wwwroot,d3161b0d-e137-41a5-8689-5b752b133126,0
2025-12-23T16:48:24.7716155Z,Running build. Project type: OneDeploy,dd11f88e-effe-41a2-bc4f-273b68e26a8a,0
2025-12-23T16:48:24.8957933Z,Copying the manifest,306761d8-ec7e-4f5a-8157-64adb9a1d657,0
2025-12-23T16:48:25.0996792Z,NodeProjectOptimizer Initialized with repository path: /tmp/zipdeploy/extracted and output path: /home/site/wwwroot ,55dd5908-8445-4b40-ad81-81507d1dd1cc,0
2025-12-23T16:48:25.3066776Z,Optimizing build...,347a4283-dff8-46b1-bb46-6be3d63bc06b,0
2025-12-23T16:48:25.5048629Z,Zipping node_modules...,2b6d8cc1-0953-442d-a761-66cff99fc44d,0
	2025-12-23T16:48:25.5261765Z,Command: /opt/Kudu/Scripts/absoluteTar.sh /tmp/zipdeploy/extracted/node_modules /tmp/zipdeploy/extracted/node_modules.tar.gz,,0
	2025-12-23T16:49:04.7173805Z,Zipped /tmp/zipdeploy/extracted/node_modules to /tmp/zipdeploy/extracted/node_modules.tar.gz done successfully,,0
2025-12-23T16:49:04.8680225Z,Zipped Node Modules to /tmp/zipdeploy/extracted/node_modules.tar.gz,2a08de32-22ca-4921-9c83-40775d779a8f,0
2025-12-23T16:49:05.0043080Z,Express Node Deploy: Running rsync...,5ac31a10-20a2-4c04-b695-95978e421454,0
	2025-12-23T16:49:05.0120437Z,Command: /opt/Kudu/Scripts/parallel_rsync.sh /tmp/zipdeploy/extracted /home/site/wwwroot 8 /tmp/ False False node_modules ,,0
	2025-12-23T16:49:05.6230128Z,Run rsync from: /tmp/zipdeploy/extracted/ to: /home/site/wwwroot/ in 8 parallel threads,,0
	2025-12-23T16:49:05.6694869Z,Delete options: clean=False&comma; use manifest=False&comma; directory to ignore=node_modules,,0
	2025-12-23T16:49:05.7649342Z,Prev manifest = /home/site/deployments/88e3f733-1df4-4f1b-b3b5-b05c25105ba8/manifest and next /home/site/deployments/32778578-2817-4acd-a007-4023c4cc5800/manifest,,0
	2025-12-23T16:49:05.8391375Z,Cleaning up /tmp//filelist.txt and /tmp//splits,,0
	2025-12-23T16:49:05.9789891Z,Creating a list of all files at /tmp//filelist.txt,,0
	2025-12-23T16:49:06.0282175Z,Excluding: node_modules,,0
	2025-12-23T16:49:06.0763395Z,Created /tmp//filelist.txt. Total number of files to be synced = 406.,,0
	2025-12-23T16:49:06.1440846Z,Created batches from the list of files. Processing 51 files in each thread,,0
	2025-12-23T16:49:06.1862396Z,Running rsync for filelist /tmp//splits/split.ac from /tmp/zipdeploy/extracted/ to /home/site/wwwroot/,,0
	2025-12-23T16:49:06.2526156Z,Running rsync for filelist /tmp//splits/split.aa from /tmp/zipdeploy/extracted/ to /home/site/wwwroot/,,0
	2025-12-23T16:49:06.4425285Z,Running rsync for filelist /tmp//splits/split.ab from /tmp/zipdeploy/extracted/ to /home/site/wwwroot/,,0
	2025-12-23T16:49:06.5722279Z,Running rsync for filelist /tmp//splits/split.ad from /tmp/zipdeploy/extracted/ to /home/site/wwwroot/,,0
	2025-12-23T16:49:06.6303732Z,Running rsync for filelist /tmp//splits/split.ae from /tmp/zipdeploy/extracted/ to /home/site/wwwroot/,,0
	2025-12-23T16:49:06.7262554Z,Running rsync for filelist /tmp//splits/split.ag from /tmp/zipdeploy/extracted/ to /home/site/wwwroot/,,0
	2025-12-23T16:49:06.7948843Z,Running rsync for filelist /tmp//splits/split.af from /tmp/zipdeploy/extracted/ to /home/site/wwwroot/,,0
	2025-12-23T16:49:06.8694170Z,Running rsync for filelist /tmp//splits/split.ah from /tmp/zipdeploy/extracted/ to /home/site/wwwroot/,,0
	2025-12-23T16:49:14.2803251Z,,,0
	2025-12-23T16:49:14.3515548Z,Number of files: 63 (reg: 51&comma; dir: 12),,0
	2025-12-23T16:49:14.3692236Z,Number of created files: 0,,0
	2025-12-23T16:49:14.4063670Z,Number of deleted files: 0,,0
	2025-12-23T16:49:14.4453237Z,Number of regular files transferred: 48,,0
	2025-12-23T16:49:14.4655651Z,Total file size: 69.09K bytes,,0
	2025-12-23T16:49:14.4890038Z,Total transferred file size: 65.13K bytes,,0
	2025-12-23T16:49:14.5418130Z,Literal data: 65.13K bytes,,0
	2025-12-23T16:49:14.5799069Z,Matched data: 0 bytes,,0
	2025-12-23T16:49:14.6392308Z,File list size: 0,,0
	2025-12-23T16:49:14.7203433Z,File list generation time: 0.513 seconds,,0
	2025-12-23T16:49:14.7670803Z,File list transfer time: 0.000 seconds,,0
	2025-12-23T16:49:14.8218334Z,Total bytes sent: 15.25K,,0
	2025-12-23T16:49:14.8690674Z,Total bytes received: 964,,0
	2025-12-23T16:49:14.9191076Z,,,0
	2025-12-23T16:49:14.9476181Z,sent 15.25K bytes  received 964 bytes  1.71K bytes/sec,,0
	2025-12-23T16:49:14.9678506Z,total size is 69.09K  speedup is 4.26,,0
	2025-12-23T16:49:14.9876565Z,Attempt 1: Rsync for filelist /tmp//splits/split.ab completed with exit code 0,,0
	2025-12-23T16:49:15.0096011Z,,,0
	2025-12-23T16:49:15.0394036Z,Number of files: 64 (reg: 51&comma; dir: 13),,0
	2025-12-23T16:49:15.0556908Z,Number of created files: 0,,0
	2025-12-23T16:49:15.1138272Z,Number of deleted files: 0,,0
	2025-12-23T16:49:15.1607544Z,Number of regular files transferred: 50,,0
	2025-12-23T16:49:15.1752419Z,Total file size: 575.54K bytes,,0
	2025-12-23T16:49:15.2256428Z,Total transferred file size: 364.23K bytes,,0
	2025-12-23T16:49:15.2583291Z,Literal data: 364.23K bytes,,0
	2025-12-23T16:49:15.3067339Z,Matched data: 0 bytes,,0
	2025-12-23T16:49:15.3291833Z,File list size: 0,,0
	2025-12-23T16:49:15.3900419Z,File list generation time: 0.423 seconds,,0
	2025-12-23T16:49:15.4146668Z,File list transfer time: 0.000 seconds,,0
	2025-12-23T16:49:15.4545817Z,Total bytes sent: 98.98K,,0
	2025-12-23T16:49:15.5342274Z,Total bytes received: 996,,0
	2025-12-23T16:49:15.5802852Z,,,0
	2025-12-23T16:49:15.6202000Z,sent 98.98K bytes  received 996 bytes  10.52K bytes/sec,,0
	2025-12-23T16:49:15.6493195Z,total size is 575.54K  speedup is 5.76,,0
	2025-12-23T16:49:15.6707791Z,Attempt 1: Rsync for filelist /tmp//splits/split.aa completed with exit code 0,,0
	2025-12-23T16:49:15.7013805Z,,,0
	2025-12-23T16:49:15.7288581Z,Number of files: 65 (reg: 51&comma; dir: 14),,0
	2025-12-23T16:49:15.7502550Z,Number of created files: 0,,0
	2025-12-23T16:49:15.7755894Z,Number of deleted files: 0,,0
	2025-12-23T16:49:15.8191322Z,Number of regular files transferred: 51,,0
	2025-12-23T16:49:15.8429497Z,Total file size: 159.16K bytes,,0
	2025-12-23T16:49:15.8916101Z,Total transferred file size: 159.16K bytes,,0
	2025-12-23T16:49:15.9193952Z,Literal data: 159.16K bytes,,0
	2025-12-23T16:49:15.9532568Z,Matched data: 0 bytes,,0
	2025-12-23T16:49:15.9766271Z,File list size: 0,,0
	2025-12-23T16:49:15.9984938Z,File list generation time: 0.418 seconds,,0
	2025-12-23T16:49:16.0188847Z,File list transfer time: 0.000 seconds,,0
	2025-12-23T16:49:16.0364783Z,Total bytes sent: 29.31K,,0
	2025-12-23T16:49:16.0621425Z,Total bytes received: 1.01K,,0
	2025-12-23T16:49:16.1165269Z,,,0
	2025-12-23T16:49:16.1438412Z,sent 29.31K bytes  received 1.01K bytes  3.19K bytes/sec,,0
	2025-12-23T16:49:16.1780951Z,total size is 159.16K  speedup is 5.25,,0
	2025-12-23T16:49:16.2114409Z,Attempt 1: Rsync for filelist /tmp//splits/split.ag completed with exit code 0,,0
	2025-12-23T16:49:16.2417599Z,,,0
	2025-12-23T16:49:16.2627328Z,Number of files: 63 (reg: 51&comma; dir: 12),,0
	2025-12-23T16:49:16.2901470Z,Number of created files: 0,,0
	2025-12-23T16:49:16.3015107Z,Number of deleted files: 0,,0
	2025-12-23T16:49:16.3195061Z,Number of regular files transferred: 51,,0
	2025-12-23T16:49:16.3384176Z,Total file size: 191.75K bytes,,0
	2025-12-23T16:49:16.3804837Z,Total transferred file size: 191.75K bytes,,0
	2025-12-23T16:49:16.4167388Z,Literal data: 191.75K bytes,,0
	2025-12-23T16:49:16.4564481Z,Matched data: 0 bytes,,0
	2025-12-23T16:49:16.4891808Z,File list size: 0,,0
	2025-12-23T16:49:16.5297431Z,File list generation time: 0.417 seconds,,0
	2025-12-23T16:49:16.5558277Z,File list transfer time: 0.000 seconds,,0
	2025-12-23T16:49:16.6053952Z,Total bytes sent: 32.23K,,0
	2025-12-23T16:49:16.6313608Z,Total bytes received: 1.01K,,0
	2025-12-23T16:49:16.6690137Z,,,0
	2025-12-23T16:49:16.6930984Z,sent 32.23K bytes  received 1.01K bytes  3.50K bytes/sec,,0
	2025-12-23T16:49:16.7383649Z,total size is 191.75K  speedup is 5.77,,0
	2025-12-23T16:49:16.7976456Z,Attempt 1: Rsync for filelist /tmp//splits/split.af completed with exit code 0,,0
	2025-12-23T16:49:16.8554883Z,,,0
	2025-12-23T16:49:16.9360947Z,Number of files: 63 (reg: 51&comma; dir: 12),,0
	2025-12-23T16:49:16.9813570Z,Number of created files: 0,,0
	2025-12-23T16:49:17.0129898Z,Number of deleted files: 0,,0
	2025-12-23T16:49:17.0496769Z,Number of regular files transferred: 51,,0
	2025-12-23T16:49:17.1047898Z,Total file size: 202.46K bytes,,0
	2025-12-23T16:49:17.1325873Z,Total transferred file size: 202.46K bytes,,0
	2025-12-23T16:49:17.1853394Z,Literal data: 202.46K bytes,,0
	2025-12-23T16:49:17.2758226Z,Matched data: 0 bytes,,0
	2025-12-23T16:49:17.3284474Z,File list size: 0,,0
	2025-12-23T16:49:17.4180756Z,File list generation time: 0.673 seconds,,0
	2025-12-23T16:49:17.5227810Z,File list transfer time: 0.000 seconds,,0
	2025-12-23T16:49:17.5709769Z,Total bytes sent: 34.48K,,0
	2025-12-23T16:49:17.6347817Z,Total bytes received: 1.01K,,0
	2025-12-23T16:49:17.6842435Z,,,0
	2025-12-23T16:49:17.7306256Z,sent 34.48K bytes  received 1.01K bytes  3.74K bytes/sec,,0
	2025-12-23T16:49:17.7868741Z,total size is 202.46K  speedup is 5.70,,0
	2025-12-23T16:49:17.8253379Z,Attempt 1: Rsync for filelist /tmp//splits/split.ae completed with exit code 0,,0
	2025-12-23T16:49:17.8456997Z,,,0
	2025-12-23T16:49:17.8669403Z,Number of files: 64 (reg: 51&comma; dir: 13),,0
	2025-12-23T16:49:17.8811643Z,Number of created files: 0,,0
	2025-12-23T16:49:17.9027630Z,Number of deleted files: 0,,0
	2025-12-23T16:49:17.9369408Z,Number of regular files transferred: 51,,0
	2025-12-23T16:49:17.9497581Z,Total file size: 67.00K bytes,,0
	2025-12-23T16:49:17.9655106Z,Total transferred file size: 67.00K bytes,,0
	2025-12-23T16:49:17.9781727Z,Literal data: 67.00K bytes,,0
	2025-12-23T16:49:18.0171141Z,Matched data: 0 bytes,,0
	2025-12-23T16:49:18.0445077Z,File list size: 0,,0
	2025-12-23T16:49:18.0547858Z,File list generation time: 0.475 seconds,,0
	2025-12-23T16:49:18.0711164Z,File list transfer time: 0.000 seconds,,0
	2025-12-23T16:49:18.0901798Z,Total bytes sent: 17.62K,,0
	2025-12-23T16:49:18.1063859Z,Total bytes received: 1.02K,,0
	2025-12-23T16:49:18.1241283Z,,,0
	2025-12-23T16:49:18.1402044Z,sent 17.62K bytes  received 1.02K bytes  1.96K bytes/sec,,0
	2025-12-23T16:49:18.1535994Z,total size is 67.00K  speedup is 3.59,,0
	2025-12-23T16:49:18.1739518Z,Attempt 1: Rsync for filelist /tmp//splits/split.ad completed with exit code 0,,0
	2025-12-23T16:49:18.1916673Z,,,0
	2025-12-23T16:49:18.2077267Z,Number of files: 62 (reg: 51&comma; dir: 11),,0
	2025-12-23T16:49:18.2382654Z,Number of created files: 0,,0
	2025-12-23T16:49:18.2561000Z,Number of deleted files: 0,,0
	2025-12-23T16:49:18.2686900Z,Number of regular files transferred: 51,,0
	2025-12-23T16:49:18.2894913Z,Total file size: 77.23K bytes,,0
	2025-12-23T16:49:18.3090635Z,Total transferred file size: 77.23K bytes,,0
	2025-12-23T16:49:18.3269470Z,Literal data: 77.23K bytes,,0
	2025-12-23T16:49:18.3510454Z,Matched data: 0 bytes,,0
	2025-12-23T16:49:18.3654878Z,File list size: 0,,0
	2025-12-23T16:49:18.3858594Z,File list generation time: 0.616 seconds,,0
	2025-12-23T16:49:18.3981976Z,File list transfer time: 0.000 seconds,,0
	2025-12-23T16:49:18.4175230Z,Total bytes sent: 17.99K,,0
	2025-12-23T16:49:18.4328360Z,Total bytes received: 1.01K,,0
	2025-12-23T16:49:18.4475117Z,,,0
	2025-12-23T16:49:18.4585433Z,sent 17.99K bytes  received 1.01K bytes  2.00K bytes/sec,,0
	2025-12-23T16:49:18.4784583Z,total size is 77.23K  speedup is 4.06,,0
	2025-12-23T16:49:18.5058698Z,Attempt 1: Rsync for filelist /tmp//splits/split.ac completed with exit code 0,,0
	2025-12-23T16:49:18.5217306Z,,,0
	2025-12-23T16:49:18.5398699Z,Number of files: 58 (reg: 49&comma; dir: 9),,0
	2025-12-23T16:49:18.5541714Z,Number of created files: 0,,0
	2025-12-23T16:49:18.5759829Z,Number of deleted files: 0,,0
	2025-12-23T16:49:18.5935799Z,Number of regular files transferred: 49,,0
	2025-12-23T16:49:18.6107278Z,Total file size: 36.10M bytes,,0
	2025-12-23T16:49:18.6280970Z,Total transferred file size: 36.10M bytes,,0
	2025-12-23T16:49:18.6621231Z,Literal data: 36.10M bytes,,0
	2025-12-23T16:49:18.6748616Z,Matched data: 0 bytes,,0
	2025-12-23T16:49:18.6934409Z,File list size: 0,,0
	2025-12-23T16:49:18.7060267Z,File list generation time: 0.256 seconds,,0
	2025-12-23T16:49:18.7221915Z,File list transfer time: 0.000 seconds,,0
	2025-12-23T16:49:18.7393032Z,Total bytes sent: 36.06M,,0
	2025-12-23T16:49:18.7559885Z,Total bytes received: 971,,0
	2025-12-23T16:49:18.7701966Z,,,0
	2025-12-23T16:49:18.7861231Z,sent 36.06M bytes  received 971 bytes  3.43M bytes/sec,,0
	2025-12-23T16:49:18.7970607Z,total size is 36.10M  speedup is 1.00,,0
	2025-12-23T16:49:18.8470792Z,Attempt 1: Rsync for filelist /tmp//splits/split.ah completed with exit code 0,,0
	2025-12-23T16:49:18.8692713Z,Completed successfully in 10 seconds,,0
2025-12-23T16:49:19.0204367Z,Rsync completed to /home/site/wwwroot,2d5ecc35-95ad-4a47-9fd1-6c40057aa2f2,0
2025-12-23T16:49:19.2125966Z,Manifest created at /home/site/wwwroot,2ea2f24f-8a69-47a5-9940-bdfb506f4ef0,0
2025-12-23T16:49:19.3563342Z,Optimized build done with success: True,f1e5dada-488a-4216-9feb-01d277a291aa,0
2025-12-23T16:49:19.4998843Z,Build completed succesfully.,d58c6df1-73d2-42c7-bb51-950de1bcc1b5,0
2025-12-23T16:49:19.6382685Z,Running post deployment command(s)...,67bffd2b-7a37-4ef7-9ed6-8be32dbc2920,0
2025-12-23T16:49:19.7965550Z,Triggering container recycle for OneDeploy by adding/updating restartTrigger.txt to the site root path,08926033-448a-4f0d-83ae-5ed021ef60d6,0
2025-12-23T16:49:20.0465537Z,Deployment successful. deployer = OneDeploy deploymentPath = OneDeploy,731af5a2-84f6-4cd6-8ce1-482be4a8b114,0
